Aug 29, 2014 9:44:19 AM org.openqa.grid.selenium.GridLauncher main
INFO: Launching a standalone server
Setting system property webdriver.chrome.driver to chromedriver.exe
09:44:19.671 INFO - Java: Oracle Corporation 24.45-b08
09:44:19.671 INFO - OS: Windows 7 6.1 amd64
09:44:19.678 INFO - v2.42.2, with Core v2.42.2. Built from revision 6a6995d
09:44:19.761 INFO - RemoteWebDriver instances should connect to: http://127.0.0.1:4444/wd/hub
09:44:19.761 INFO - Version Jetty/5.1.x
09:44:19.762 INFO - Started HttpContext[/selenium-server/driver,/selenium-server/driver]
09:44:19.763 INFO - Started HttpContext[/selenium-server,/selenium-server]
09:44:19.763 INFO - Started HttpContext[/,/]
09:44:19.798 INFO - Started org.openqa.jetty.jetty.servlet.ServletHandler@5ac7cee9
09:44:19.798 INFO - Started HttpContext[/wd,/wd]
09:44:19.800 INFO - Started SocketListener on 0.0.0.0:4444
09:44:19.801 INFO - Started org.openqa.jetty.jetty.Server@3957e563
09:44:19.961 INFO - Executing: [new session: Capabilities [{platform=WIN8, javascriptEnabled=true, acceptSslCerts=true, browserName=firefox}]])
09:44:19.969 INFO - Creating a new session for Capabilities [{platform=WIN8, javascriptEnabled=true, acceptSslCerts=true, browserName=firefox}]
09:44:22.931 INFO - Done: [new session: Capabilities [{platform=WIN8, javascriptEnabled=true, acceptSslCerts=true, browserName=firefox}]]
09:44:22.938 INFO - Executing: [get: http://www.hotels4u.com])
09:44:25.203 INFO - Done: [get: http://www.hotels4u.com]
09:44:25.209 INFO - Executing: [find element: By.selector: #h4uLogo > img])
09:44:25.544 INFO - Done: [find element: By.selector: #h4uLogo > img]
09:44:25.548 INFO - Executing: [is displayed: 0 [[FirefoxDriver: firefox on XP (fdedc72b-f979-4e6e-95c8-7385b95a86aa)] -> css selector: #h4uLogo > img]])
09:44:25.615 INFO - Done: [is displayed: 0 [[FirefoxDriver: firefox on XP (fdedc72b-f979-4e6e-95c8-7385b95a86aa)] -> css selector: #h4uLogo > img]]
09:44:25.618 INFO - Executing: [set window size])
09:44:25.725 INFO - Done: [set window size]
09:44:25.733 INFO - Executing: [find element: By.selector: #destination])
09:44:25.867 INFO - Done: [find element: By.selector: #destination]
09:44:25.871 INFO - Executing: [send keys: 1 [[FirefoxDriver: firefox on XP (fdedc72b-f979-4e6e-95c8-7385b95a86aa)] -> css selector: #destination], [S, h, a, r, m,  , E, l,  , S, h, e, i, k, h,  , A, r, e, a, ,,  , E, g, y, p, t]])
09:44:26.000 INFO - Done: [send keys: 1 [[FirefoxDriver: firefox on XP (fdedc72b-f979-4e6e-95c8-7385b95a86aa)] -> css selector: #destination], [S, h, a, r, m,  , E, l,  , S, h, e, i, k, h,  , A, r, e, a, ,,  , E, g, y, p, t]]
09:44:28.022 INFO - Executing: [send keys to active: ?])
09:44:28.102 INFO - Done: [send keys to active: ?]
09:44:28.105 INFO - Executing: [find element: By.selector: #destination])
09:44:28.158 INFO - Done: [find element: By.selector: #destination]
09:44:28.163 INFO - Executing: [get element attribute: 1 [[FirefoxDriver: firefox on XP (fdedc72b-f979-4e6e-95c8-7385b95a86aa)] -> css selector: #destination], value])
09:44:28.218 INFO - Done: [get element attribute: 1 [[FirefoxDriver: firefox on XP (fdedc72b-f979-4e6e-95c8-7385b95a86aa)] -> css selector: #destination], value]
09:44:28.225 INFO - Executing: [find element: By.selector: #dateFrom])
09:44:28.279 INFO - Done: [find element: By.selector: #dateFrom]
09:44:28.283 INFO - Executing: [click: 2 [[FirefoxDriver: firefox on XP (fdedc72b-f979-4e6e-95c8-7385b95a86aa)] -> css selector: #dateFrom]])
09:44:28.439 INFO - Done: [click: 2 [[FirefoxDriver: firefox on XP (fdedc72b-f979-4e6e-95c8-7385b95a86aa)] -> css selector: #dateFrom]]
09:44:28.443 INFO - Executing: [find element: By.selector: #ui-datepicker-div > div > a.ui-datepicker-next.ui-corner-all > span])
09:44:28.482 INFO - Done: [find element: By.selector: #ui-datepicker-div > div > a.ui-datepicker-next.ui-corner-all > span]
09:44:28.484 INFO - Executing: [click: 3 [[FirefoxDriver: firefox on XP (fdedc72b-f979-4e6e-95c8-7385b95a86aa)] -> css selector: #ui-datepicker-div > div > a.ui-datepicker-next.ui-corner-all > span]])
09:44:28.607 INFO - Done: [click: 3 [[FirefoxDriver: firefox on XP (fdedc72b-f979-4e6e-95c8-7385b95a86aa)] -> css selector: #ui-datepicker-div > div > a.ui-datepicker-next.ui-corner-all > span]]
09:44:28.610 INFO - Executing: [find element: By.selector: #ui-datepicker-div > div > a.ui-datepicker-next.ui-corner-all > span])
09:44:28.645 INFO - Done: [find element: By.selector: #ui-datepicker-div > div > a.ui-datepicker-next.ui-corner-all > span]
09:44:28.647 INFO - Executing: [click: 4 [[FirefoxDriver: firefox on XP (fdedc72b-f979-4e6e-95c8-7385b95a86aa)] -> css selector: #ui-datepicker-div > div > a.ui-datepicker-next.ui-corner-all > span]])
09:44:28.760 INFO - Done: [click: 4 [[FirefoxDriver: firefox on XP (fdedc72b-f979-4e6e-95c8-7385b95a86aa)] -> css selector: #ui-datepicker-div > div > a.ui-datepicker-next.ui-corner-all > span]]
09:44:28.763 INFO - Executing: [find element: By.selector: #ui-datepicker-div > div > a.ui-datepicker-next.ui-corner-all > span])
09:44:28.816 INFO - Done: [find element: By.selector: #ui-datepicker-div > div > a.ui-datepicker-next.ui-corner-all > span]
09:44:28.819 INFO - Executing: [click: 5 [[FirefoxDriver: firefox on XP (fdedc72b-f979-4e6e-95c8-7385b95a86aa)] -> css selector: #ui-datepicker-div > div > a.ui-datepicker-next.ui-corner-all > span]])
09:44:28.950 INFO - Done: [click: 5 [[FirefoxDriver: firefox on XP (fdedc72b-f979-4e6e-95c8-7385b95a86aa)] -> css selector: #ui-datepicker-div > div > a.ui-datepicker-next.ui-corner-all > span]]
09:44:28.954 INFO - Executing: [find element: By.selector: #ui-datepicker-div > table > tbody > tr:nth-child(1) > td:nth-child(7) > a])
09:44:29.012 INFO - Done: [find element: By.selector: #ui-datepicker-div > table > tbody > tr:nth-child(1) > td:nth-child(7) > a]
09:44:29.014 INFO - Executing: [click: 6 [[FirefoxDriver: firefox on XP (fdedc72b-f979-4e6e-95c8-7385b95a86aa)] -> css selector: #ui-datepicker-div > table > tbody > tr:nth-child(1) > td:nth-child(7) > a]])
09:44:29.213 INFO - Done: [click: 6 [[FirefoxDriver: firefox on XP (fdedc72b-f979-4e6e-95c8-7385b95a86aa)] -> css selector: #ui-datepicker-div > table > tbody > tr:nth-child(1) > td:nth-child(7) > a]]
09:44:34.237 INFO - Executing: [find element: By.selector: #dateTo])
09:44:34.291 INFO - Done: [find element: By.selector: #dateTo]
09:44:34.295 INFO - Executing: [click: 7 [[FirefoxDriver: firefox on XP (fdedc72b-f979-4e6e-95c8-7385b95a86aa)] -> css selector: #dateTo]])
09:44:34.476 INFO - Done: [click: 7 [[FirefoxDriver: firefox on XP (fdedc72b-f979-4e6e-95c8-7385b95a86aa)] -> css selector: #dateTo]]
09:44:34.479 INFO - Executing: [find element: By.selector: #ui-datepicker-div > table > tbody > tr:nth-child(2) > td:nth-child(3) > a])
09:44:34.533 INFO - Done: [find element: By.selector: #ui-datepicker-div > table > tbody > tr:nth-child(2) > td:nth-child(3) > a]
09:44:34.535 INFO - Executing: [click: 8 [[FirefoxDriver: firefox on XP (fdedc72b-f979-4e6e-95c8-7385b95a86aa)] -> css selector: #ui-datepicker-div > table > tbody > tr:nth-child(2) > td:nth-child(3) > a]])
09:44:34.642 INFO - Done: [click: 8 [[FirefoxDriver: firefox on XP (fdedc72b-f979-4e6e-95c8-7385b95a86aa)] -> css selector: #ui-datepicker-div > table > tbody > tr:nth-child(2) > td:nth-child(3) > a]]
09:44:39.673 INFO - Executing: [find element: By.selector: #searchBtnContainer > button])
09:44:39.778 INFO - Done: [find element: By.selector: #searchBtnContainer > button]
09:44:39.782 INFO - Executing: [click: 9 [[FirefoxDriver: firefox on XP (fdedc72b-f979-4e6e-95c8-7385b95a86aa)] -> css selector: #searchBtnContainer > button]])
09:44:47.892 INFO - Done: [click: 9 [[FirefoxDriver: firefox on XP (fdedc72b-f979-4e6e-95c8-7385b95a86aa)] -> css selector: #searchBtnContainer > button]]
09:44:47.895 INFO - Executing: [find element: By.selector: #results-controls-container > div > div:nth-child(2) > div > h2])
09:44:48.222 INFO - Done: [find element: By.selector: #results-controls-container > div > div:nth-child(2) > div > h2]
09:44:48.225 INFO - Executing: [is displayed: 10 [[FirefoxDriver: firefox on XP (fdedc72b-f979-4e6e-95c8-7385b95a86aa)] -> css selector: #results-controls-container > div > div:nth-child(2) > div > h2]])
09:44:48.280 INFO - Done: [is displayed: 10 [[FirefoxDriver: firefox on XP (fdedc72b-f979-4e6e-95c8-7385b95a86aa)] -> css selector: #results-controls-container > div > div:nth-child(2) > div > h2]]
09:44:48.795 INFO - Executing: [is displayed: 10 [[FirefoxDriver: firefox on XP (fdedc72b-f979-4e6e-95c8-7385b95a86aa)] -> css selector: #results-controls-container > div > div:nth-child(2) > div > h2]])
09:44:48.850 INFO - Done: [is displayed: 10 [[FirefoxDriver: firefox on XP (fdedc72b-f979-4e6e-95c8-7385b95a86aa)] -> css selector: #results-controls-container > div > div:nth-child(2) > div > h2]]
09:44:49.354 INFO - Executing: [is displayed: 10 [[FirefoxDriver: firefox on XP (fdedc72b-f979-4e6e-95c8-7385b95a86aa)] -> css selector: #results-controls-container > div > div:nth-child(2) > div > h2]])
09:44:49.407 INFO - Done: [is displayed: 10 [[FirefoxDriver: firefox on XP (fdedc72b-f979-4e6e-95c8-7385b95a86aa)] -> css selector: #results-controls-container > div > div:nth-child(2) > div > h2]]
09:44:49.923 INFO - Executing: [is displayed: 10 [[FirefoxDriver: firefox on XP (fdedc72b-f979-4e6e-95c8-7385b95a86aa)] -> css selector: #results-controls-container > div > div:nth-child(2) > div > h2]])
09:44:49.976 INFO - Done: [is displayed: 10 [[FirefoxDriver: firefox on XP (fdedc72b-f979-4e6e-95c8-7385b95a86aa)] -> css selector: #results-controls-container > div > div:nth-child(2) > div > h2]]
09:44:50.488 INFO - Executing: [is displayed: 10 [[FirefoxDriver: firefox on XP (fdedc72b-f979-4e6e-95c8-7385b95a86aa)] -> css selector: #results-controls-container > div > div:nth-child(2) > div > h2]])
09:44:50.541 INFO - Done: [is displayed: 10 [[FirefoxDriver: firefox on XP (fdedc72b-f979-4e6e-95c8-7385b95a86aa)] -> css selector: #results-controls-container > div > div:nth-child(2) > div > h2]]
09:44:51.048 INFO - Executing: [is displayed: 10 [[FirefoxDriver: firefox on XP (fdedc72b-f979-4e6e-95c8-7385b95a86aa)] -> css selector: #results-controls-container > div > div:nth-child(2) > div > h2]])
09:44:51.061 INFO - Done: [is displayed: 10 [[FirefoxDriver: firefox on XP (fdedc72b-f979-4e6e-95c8-7385b95a86aa)] -> css selector: #results-controls-container > div > div:nth-child(2) > div > h2]]
09:44:51.567 INFO - Executing: [is displayed: 10 [[FirefoxDriver: firefox on XP (fdedc72b-f979-4e6e-95c8-7385b95a86aa)] -> css selector: #results-controls-container > div > div:nth-child(2) > div > h2]])
09:44:51.621 INFO - Done: [is displayed: 10 [[FirefoxDriver: firefox on XP (fdedc72b-f979-4e6e-95c8-7385b95a86aa)] -> css selector: #results-controls-container > div > div:nth-child(2) > div > h2]]
09:44:52.131 INFO - Executing: [is displayed: 10 [[FirefoxDriver: firefox on XP (fdedc72b-f979-4e6e-95c8-7385b95a86aa)] -> css selector: #results-controls-container > div > div:nth-child(2) > div > h2]])
09:44:52.184 INFO - Done: [is displayed: 10 [[FirefoxDriver: firefox on XP (fdedc72b-f979-4e6e-95c8-7385b95a86aa)] -> css selector: #results-controls-container > div > div:nth-child(2) > div > h2]]
09:44:52.690 INFO - Executing: [is displayed: 10 [[FirefoxDriver: firefox on XP (fdedc72b-f979-4e6e-95c8-7385b95a86aa)] -> css selector: #results-controls-container > div > div:nth-child(2) > div > h2]])
09:44:52.744 INFO - Done: [is displayed: 10 [[FirefoxDriver: firefox on XP (fdedc72b-f979-4e6e-95c8-7385b95a86aa)] -> css selector: #results-controls-container > div > div:nth-child(2) > div > h2]]
09:44:53.258 INFO - Executing: [is displayed: 10 [[FirefoxDriver: firefox on XP (fdedc72b-f979-4e6e-95c8-7385b95a86aa)] -> css selector: #results-controls-container > div > div:nth-child(2) > div > h2]])
09:44:53.311 INFO - Done: [is displayed: 10 [[FirefoxDriver: firefox on XP (fdedc72b-f979-4e6e-95c8-7385b95a86aa)] -> css selector: #results-controls-container > div > div:nth-child(2) > div > h2]]
09:44:53.821 INFO - Executing: [is displayed: 10 [[FirefoxDriver: firefox on XP (fdedc72b-f979-4e6e-95c8-7385b95a86aa)] -> css selector: #results-controls-container > div > div:nth-child(2) > div > h2]])
09:44:53.875 INFO - Done: [is displayed: 10 [[FirefoxDriver: firefox on XP (fdedc72b-f979-4e6e-95c8-7385b95a86aa)] -> css selector: #results-controls-container > div > div:nth-child(2) > div > h2]]
09:44:54.385 INFO - Executing: [is displayed: 10 [[FirefoxDriver: firefox on XP (fdedc72b-f979-4e6e-95c8-7385b95a86aa)] -> css selector: #results-controls-container > div > div:nth-child(2) > div > h2]])
09:44:54.439 INFO - Done: [is displayed: 10 [[FirefoxDriver: firefox on XP (fdedc72b-f979-4e6e-95c8-7385b95a86aa)] -> css selector: #results-controls-container > div > div:nth-child(2) > div > h2]]
09:44:54.949 INFO - Executing: [is displayed: 10 [[FirefoxDriver: firefox on XP (fdedc72b-f979-4e6e-95c8-7385b95a86aa)] -> css selector: #results-controls-container > div > div:nth-child(2) > div > h2]])
09:44:55.002 INFO - Done: [is displayed: 10 [[FirefoxDriver: firefox on XP (fdedc72b-f979-4e6e-95c8-7385b95a86aa)] -> css selector: #results-controls-container > div > div:nth-child(2) > div > h2]]
09:44:55.508 INFO - Executing: [is displayed: 10 [[FirefoxDriver: firefox on XP (fdedc72b-f979-4e6e-95c8-7385b95a86aa)] -> css selector: #results-controls-container > div > div:nth-child(2) > div > h2]])
09:44:55.698 INFO - Done: [is displayed: 10 [[FirefoxDriver: firefox on XP (fdedc72b-f979-4e6e-95c8-7385b95a86aa)] -> css selector: #results-controls-container > div > div:nth-child(2) > div > h2]]
09:44:56.203 INFO - Executing: [is displayed: 10 [[FirefoxDriver: firefox on XP (fdedc72b-f979-4e6e-95c8-7385b95a86aa)] -> css selector: #results-controls-container > div > div:nth-child(2) > div > h2]])
09:44:56.257 INFO - Done: [is displayed: 10 [[FirefoxDriver: firefox on XP (fdedc72b-f979-4e6e-95c8-7385b95a86aa)] -> css selector: #results-controls-container > div > div:nth-child(2) > div > h2]]
09:44:56.763 INFO - Executing: [is displayed: 10 [[FirefoxDriver: firefox on XP (fdedc72b-f979-4e6e-95c8-7385b95a86aa)] -> css selector: #results-controls-container > div > div:nth-child(2) > div > h2]])
09:44:56.817 INFO - Done: [is displayed: 10 [[FirefoxDriver: firefox on XP (fdedc72b-f979-4e6e-95c8-7385b95a86aa)] -> css selector: #results-controls-container > div > div:nth-child(2) > div > h2]]
09:44:57.329 INFO - Executing: [is displayed: 10 [[FirefoxDriver: firefox on XP (fdedc72b-f979-4e6e-95c8-7385b95a86aa)] -> css selector: #results-controls-container > div > div:nth-child(2) > div > h2]])
09:44:57.389 INFO - Done: [is displayed: 10 [[FirefoxDriver: firefox on XP (fdedc72b-f979-4e6e-95c8-7385b95a86aa)] -> css selector: #results-controls-container > div > div:nth-child(2) > div > h2]]
09:44:57.908 INFO - Executing: [is displayed: 10 [[FirefoxDriver: firefox on XP (fdedc72b-f979-4e6e-95c8-7385b95a86aa)] -> css selector: #results-controls-container > div > div:nth-child(2) > div > h2]])
09:44:57.961 INFO - Done: [is displayed: 10 [[FirefoxDriver: firefox on XP (fdedc72b-f979-4e6e-95c8-7385b95a86aa)] -> css selector: #results-controls-container > div > div:nth-child(2) > div > h2]]
09:44:58.471 INFO - Executing: [is displayed: 10 [[FirefoxDriver: firefox on XP (fdedc72b-f979-4e6e-95c8-7385b95a86aa)] -> css selector: #results-controls-container > div > div:nth-child(2) > div > h2]])
09:44:58.524 INFO - Done: [is displayed: 10 [[FirefoxDriver: firefox on XP (fdedc72b-f979-4e6e-95c8-7385b95a86aa)] -> css selector: #results-controls-container > div > div:nth-child(2) > div > h2]]
09:44:59.031 INFO - Executing: [is displayed: 10 [[FirefoxDriver: firefox on XP (fdedc72b-f979-4e6e-95c8-7385b95a86aa)] -> css selector: #results-controls-container > div > div:nth-child(2) > div > h2]])
09:44:59.084 INFO - Done: [is displayed: 10 [[FirefoxDriver: firefox on XP (fdedc72b-f979-4e6e-95c8-7385b95a86aa)] -> css selector: #results-controls-container > div > div:nth-child(2) > div > h2]]
09:44:59.599 INFO - Executing: [is displayed: 10 [[FirefoxDriver: firefox on XP (fdedc72b-f979-4e6e-95c8-7385b95a86aa)] -> css selector: #results-controls-container > div > div:nth-child(2) > div > h2]])
09:44:59.652 INFO - Done: [is displayed: 10 [[FirefoxDriver: firefox on XP (fdedc72b-f979-4e6e-95c8-7385b95a86aa)] -> css selector: #results-controls-container > div > div:nth-child(2) > div > h2]]
09:45:00.162 INFO - Executing: [is displayed: 10 [[FirefoxDriver: firefox on XP (fdedc72b-f979-4e6e-95c8-7385b95a86aa)] -> css selector: #results-controls-container > div > div:nth-child(2) > div > h2]])
09:45:00.216 INFO - Done: [is displayed: 10 [[FirefoxDriver: firefox on XP (fdedc72b-f979-4e6e-95c8-7385b95a86aa)] -> css selector: #results-controls-container > div > div:nth-child(2) > div > h2]]
09:45:00.726 INFO - Executing: [is displayed: 10 [[FirefoxDriver: firefox on XP (fdedc72b-f979-4e6e-95c8-7385b95a86aa)] -> css selector: #results-controls-container > div > div:nth-child(2) > div > h2]])
09:45:00.780 INFO - Done: [is displayed: 10 [[FirefoxDriver: firefox on XP (fdedc72b-f979-4e6e-95c8-7385b95a86aa)] -> css selector: #results-controls-container > div > div:nth-child(2) > div > h2]]
09:45:01.290 INFO - Executing: [is displayed: 10 [[FirefoxDriver: firefox on XP (fdedc72b-f979-4e6e-95c8-7385b95a86aa)] -> css selector: #results-controls-container > div > div:nth-child(2) > div > h2]])
09:45:01.342 INFO - Done: [is displayed: 10 [[FirefoxDriver: firefox on XP (fdedc72b-f979-4e6e-95c8-7385b95a86aa)] -> css selector: #results-controls-container > div > div:nth-child(2) > div > h2]]
09:45:01.847 INFO - Executing: [is displayed: 10 [[FirefoxDriver: firefox on XP (fdedc72b-f979-4e6e-95c8-7385b95a86aa)] -> css selector: #results-controls-container > div > div:nth-child(2) > div > h2]])
09:45:01.900 INFO - Done: [is displayed: 10 [[FirefoxDriver: firefox on XP (fdedc72b-f979-4e6e-95c8-7385b95a86aa)] -> css selector: #results-controls-container > div > div:nth-child(2) > div > h2]]
09:45:02.417 INFO - Executing: [is displayed: 10 [[FirefoxDriver: firefox on XP (fdedc72b-f979-4e6e-95c8-7385b95a86aa)] -> css selector: #results-controls-container > div > div:nth-child(2) > div > h2]])
09:45:02.470 INFO - Done: [is displayed: 10 [[FirefoxDriver: firefox on XP (fdedc72b-f979-4e6e-95c8-7385b95a86aa)] -> css selector: #results-controls-container > div > div:nth-child(2) > div > h2]]
09:45:02.981 INFO - Executing: [is displayed: 10 [[FirefoxDriver: firefox on XP (fdedc72b-f979-4e6e-95c8-7385b95a86aa)] -> css selector: #results-controls-container > div > div:nth-child(2) > div > h2]])
09:45:03.034 INFO - Done: [is displayed: 10 [[FirefoxDriver: firefox on XP (fdedc72b-f979-4e6e-95c8-7385b95a86aa)] -> css selector: #results-controls-container > div > div:nth-child(2) > div > h2]]
09:45:03.545 INFO - Executing: [is displayed: 10 [[FirefoxDriver: firefox on XP (fdedc72b-f979-4e6e-95c8-7385b95a86aa)] -> css selector: #results-controls-container > div > div:nth-child(2) > div > h2]])
09:45:03.597 INFO - Done: [is displayed: 10 [[FirefoxDriver: firefox on XP (fdedc72b-f979-4e6e-95c8-7385b95a86aa)] -> css selector: #results-controls-container > div > div:nth-child(2) > div > h2]]
09:45:08.634 INFO - Executing: [find element: By.selector: #search-result-list > li:nth-child(4) > div > div.price > a])
09:45:08.689 INFO - Done: [find element: By.selector: #search-result-list > li:nth-child(4) > div > div.price > a]
09:45:08.693 INFO - Executing: [click: 11 [[FirefoxDriver: firefox on XP (fdedc72b-f979-4e6e-95c8-7385b95a86aa)] -> css selector: #search-result-list > li:nth-child(4) > div > div.price > a]])
09:45:08.871 INFO - Done: [click: 11 [[FirefoxDriver: firefox on XP (fdedc72b-f979-4e6e-95c8-7385b95a86aa)] -> css selector: #search-result-list > li:nth-child(4) > div > div.price > a]]
09:45:13.899 INFO - Executing: [find element: By.selector: #rating-address > h1])
09:45:14.532 INFO - Done: [find element: By.selector: #rating-address > h1]
09:45:14.534 INFO - Executing: [is displayed: 12 [[FirefoxDriver: firefox on XP (fdedc72b-f979-4e6e-95c8-7385b95a86aa)] -> css selector: #rating-address > h1]])
09:45:14.602 INFO - Done: [is displayed: 12 [[FirefoxDriver: firefox on XP (fdedc72b-f979-4e6e-95c8-7385b95a86aa)] -> css selector: #rating-address > h1]]
09:45:14.615 INFO - Executing: [find element: By.selector: #book-now])
09:45:14.622 INFO - Done: [find element: By.selector: #book-now]
09:45:14.624 INFO - Executing: [click: 13 [[FirefoxDriver: firefox on XP (fdedc72b-f979-4e6e-95c8-7385b95a86aa)] -> css selector: #book-now]])
09:45:14.734 INFO - Done: [click: 13 [[FirefoxDriver: firefox on XP (fdedc72b-f979-4e6e-95c8-7385b95a86aa)] -> css selector: #book-now]]
09:45:19.755 INFO - Executing: [find element: By.selector: #summaryheader])
09:45:22.246 INFO - Done: [find element: By.selector: #summaryheader]
09:45:22.248 INFO - Executing: [is displayed: 14 [[FirefoxDriver: firefox on XP (fdedc72b-f979-4e6e-95c8-7385b95a86aa)] -> css selector: #summaryheader]])
09:45:22.301 INFO - Done: [is displayed: 14 [[FirefoxDriver: firefox on XP (fdedc72b-f979-4e6e-95c8-7385b95a86aa)] -> css selector: #summaryheader]]
09:45:22.305 INFO - Executing: [find element: By.selector: #ctl00_cp1_ctl06_txtFirstName])
09:45:22.347 INFO - Done: [find element: By.selector: #ctl00_cp1_ctl06_txtFirstName]
09:45:22.351 INFO - Executing: [send keys: 15 [[FirefoxDriver: firefox on XP (fdedc72b-f979-4e6e-95c8-7385b95a86aa)] -> css selector: #ctl00_cp1_ctl06_txtFirstName], [T, e, s, t, F, N, a, m, e]])
09:45:22.454 INFO - Done: [send keys: 15 [[FirefoxDriver: firefox on XP (fdedc72b-f979-4e6e-95c8-7385b95a86aa)] -> css selector: #ctl00_cp1_ctl06_txtFirstName], [T, e, s, t, F, N, a, m, e]]
09:45:22.457 INFO - Executing: [find element: By.selector: #ctl00_cp1_ctl06_txtSurName])
09:45:22.635 INFO - Done: [find element: By.selector: #ctl00_cp1_ctl06_txtSurName]
09:45:22.639 INFO - Executing: [send keys: 16 [[FirefoxDriver: firefox on XP (fdedc72b-f979-4e6e-95c8-7385b95a86aa)] -> css selector: #ctl00_cp1_ctl06_txtSurName], [T, e, s, t, L, a, s, t, N, a, m, e]])
09:45:22.728 INFO - Done: [send keys: 16 [[FirefoxDriver: firefox on XP (fdedc72b-f979-4e6e-95c8-7385b95a86aa)] -> css selector: #ctl00_cp1_ctl06_txtSurName], [T, e, s, t, L, a, s, t, N, a, m, e]]
09:45:22.730 INFO - Executing: [find element: By.selector: #ctl00_cp1_ctl06_txtPostcode])
09:45:22.769 INFO - Done: [find element: By.selector: #ctl00_cp1_ctl06_txtPostcode]
09:45:22.771 INFO - Executing: [send keys: 17 [[FirefoxDriver: firefox on XP (fdedc72b-f979-4e6e-95c8-7385b95a86aa)] -> css selector: #ctl00_cp1_ctl06_txtPostcode], [T, W, 2, 0,  , 9, D, U]])
09:45:22.845 INFO - Done: [send keys: 17 [[FirefoxDriver: firefox on XP (fdedc72b-f979-4e6e-95c8-7385b95a86aa)] -> css selector: #ctl00_cp1_ctl06_txtPostcode], [T, W, 2, 0,  , 9, D, U]]
09:45:22.848 INFO - Executing: [find element: By.selector: #ctl00_cp1_ctl06_txtAddr1])
09:45:22.876 INFO - Done: [find element: By.selector: #ctl00_cp1_ctl06_txtAddr1]
09:45:22.878 INFO - Executing: [send keys: 18 [[FirefoxDriver: firefox on XP (fdedc72b-f979-4e6e-95c8-7385b95a86aa)] -> css selector: #ctl00_cp1_ctl06_txtAddr1], [P, r, e, s, t, i, g, e,  , H, o, u, s, e,  , 2, 3,  , -,  , 2, 6,  , H, i, g, h,  , S, t, r, e, e, t]])
09:45:22.955 INFO - Done: [send keys: 18 [[FirefoxDriver: firefox on XP (fdedc72b-f979-4e6e-95c8-7385b95a86aa)] -> css selector: #ctl00_cp1_ctl06_txtAddr1], [P, r, e, s, t, i, g, e,  , H, o, u, s, e,  , 2, 3,  , -,  , 2, 6,  , H, i, g, h,  , S, t, r, e, e, t]]
09:45:22.957 INFO - Executing: [find element: By.selector: #ctl00_cp1_ctl06_txtCity])
09:45:23.010 INFO - Done: [find element: By.selector: #ctl00_cp1_ctl06_txtCity]
09:45:23.012 INFO - Executing: [send keys: 19 [[FirefoxDriver: firefox on XP (fdedc72b-f979-4e6e-95c8-7385b95a86aa)] -> css selector: #ctl00_cp1_ctl06_txtCity], [T, e, s, t, F, N, a, m, e]])
09:45:23.088 INFO - Done: [send keys: 19 [[FirefoxDriver: firefox on XP (fdedc72b-f979-4e6e-95c8-7385b95a86aa)] -> css selector: #ctl00_cp1_ctl06_txtCity], [T, e, s, t, F, N, a, m, e]]
09:45:23.091 INFO - Executing: [find element: By.selector: #ctl00_cp1_ctl06_txtPhone])
09:45:23.144 INFO - Done: [find element: By.selector: #ctl00_cp1_ctl06_txtPhone]
09:45:23.146 INFO - Executing: [send keys: 20 [[FirefoxDriver: firefox on XP (fdedc72b-f979-4e6e-95c8-7385b95a86aa)] -> css selector: #ctl00_cp1_ctl06_txtPhone], [0, 1, 2, 3, 4, 5, 6, 7, 8, 9]])
09:45:23.223 INFO - Done: [send keys: 20 [[FirefoxDriver: firefox on XP (fdedc72b-f979-4e6e-95c8-7385b95a86aa)] -> css selector: #ctl00_cp1_ctl06_txtPhone], [0, 1, 2, 3, 4, 5, 6, 7, 8, 9]]
09:45:23.227 INFO - Executing: [find element: By.selector: #ctl00_cp1_ctl07_ddlCardType])
09:45:23.258 INFO - Done: [find element: By.selector: #ctl00_cp1_ctl07_ddlCardType]
09:45:23.265 INFO - Executing: [send keys: 21 [[FirefoxDriver: firefox on XP (fdedc72b-f979-4e6e-95c8-7385b95a86aa)] -> css selector: #ctl00_cp1_ctl07_ddlCardType], [A, m, e, x, C, a, r, d,  , (, 4, %,  , f, e, e,  , a, p, p, l, i, e, s, )]])
09:45:23.372 INFO - Done: [send keys: 21 [[FirefoxDriver: firefox on XP (fdedc72b-f979-4e6e-95c8-7385b95a86aa)] -> css selector: #ctl00_cp1_ctl07_ddlCardType], [A, m, e, x, C, a, r, d,  , (, 4, %,  , f, e, e,  , a, p, p, l, i, e, s, )]]
09:45:23.375 INFO - Executing: [find element: By.selector: #ctl00_cp1_ctl07_txtCardHoldersName])
09:45:23.415 INFO - Done: [find element: By.selector: #ctl00_cp1_ctl07_txtCardHoldersName]
09:45:23.417 INFO - Executing: [send keys: 22 [[FirefoxDriver: firefox on XP (fdedc72b-f979-4e6e-95c8-7385b95a86aa)] -> css selector: #ctl00_cp1_ctl07_txtCardHoldersName], [I, T,  , T, e, s, t, i, n, g,  , 5]])
09:45:23.546 INFO - Done: [send keys: 22 [[FirefoxDriver: firefox on XP (fdedc72b-f979-4e6e-95c8-7385b95a86aa)] -> css selector: #ctl00_cp1_ctl07_txtCardHoldersName], [I, T,  , T, e, s, t, i, n, g,  , 5]]
09:45:23.548 INFO - Executing: [find element: By.selector: #ctl00_cp1_ctl07_txtCardNumber])
09:45:23.601 INFO - Done: [find element: By.selector: #ctl00_cp1_ctl07_txtCardNumber]
09:45:23.603 INFO - Executing: [send keys: 23 [[FirefoxDriver: firefox on XP (fdedc72b-f979-4e6e-95c8-7385b95a86aa)] -> css selector: #ctl00_cp1_ctl07_txtCardNumber], [3, 7, 0, 0, 5, 5, 0, 0, 5, 6, 0, 7, 5, 7, 3]])
09:45:23.705 INFO - Done: [send keys: 23 [[FirefoxDriver: firefox on XP (fdedc72b-f979-4e6e-95c8-7385b95a86aa)] -> css selector: #ctl00_cp1_ctl07_txtCardNumber], [3, 7, 0, 0, 5, 5, 0, 0, 5, 6, 0, 7, 5, 7, 3]]
09:45:23.707 INFO - Executing: [find element: By.selector: #ctl00_cp1_ctl06_txtEmail])
09:45:23.759 INFO - Done: [find element: By.selector: #ctl00_cp1_ctl06_txtEmail]
09:45:23.761 INFO - Executing: [send keys: 24 [[FirefoxDriver: firefox on XP (fdedc72b-f979-4e6e-95c8-7385b95a86aa)] -> css selector: #ctl00_cp1_ctl06_txtEmail], [q, a, @, h, o, t, e, l, s, 4, u, ., c, o, m]])
09:45:23.864 INFO - Done: [send keys: 24 [[FirefoxDriver: firefox on XP (fdedc72b-f979-4e6e-95c8-7385b95a86aa)] -> css selector: #ctl00_cp1_ctl06_txtEmail], [q, a, @, h, o, t, e, l, s, 4, u, ., c, o, m]]
09:45:23.868 INFO - Executing: [find element: By.selector: #ctl00_cp1_ctl06_txtEmail2])
09:45:23.921 INFO - Done: [find element: By.selector: #ctl00_cp1_ctl06_txtEmail2]
09:45:23.926 INFO - Executing: [send keys: 25 [[FirefoxDriver: firefox on XP (fdedc72b-f979-4e6e-95c8-7385b95a86aa)] -> css selector: #ctl00_cp1_ctl06_txtEmail2], [q, a, @, h, o, t, e, l, s, 4, u, ., c, o, m]])
09:45:24.005 INFO - Done: [send keys: 25 [[FirefoxDriver: firefox on XP (fdedc72b-f979-4e6e-95c8-7385b95a86aa)] -> css selector: #ctl00_cp1_ctl06_txtEmail2], [q, a, @, h, o, t, e, l, s, 4, u, ., c, o, m]]
09:45:24.007 INFO - Executing: [find element: By.selector: #ctl00_cp1_ctl07_ddlExpiryFromMonth])
09:45:24.035 INFO - Done: [find element: By.selector: #ctl00_cp1_ctl07_ddlExpiryFromMonth]
09:45:24.037 INFO - Executing: [send keys: 26 [[FirefoxDriver: firefox on XP (fdedc72b-f979-4e6e-95c8-7385b95a86aa)] -> css selector: #ctl00_cp1_ctl07_ddlExpiryFromMonth], [0, 2]])
09:45:24.115 INFO - Done: [send keys: 26 [[FirefoxDriver: firefox on XP (fdedc72b-f979-4e6e-95c8-7385b95a86aa)] -> css selector: #ctl00_cp1_ctl07_ddlExpiryFromMonth], [0, 2]]
09:45:24.118 INFO - Executing: [find element: By.selector: #ctl00_cp1_ctl07_ddlExpiryFromYear])
09:45:24.170 INFO - Done: [find element: By.selector: #ctl00_cp1_ctl07_ddlExpiryFromYear]
09:45:24.173 INFO - Executing: [send keys: 27 [[FirefoxDriver: firefox on XP (fdedc72b-f979-4e6e-95c8-7385b95a86aa)] -> css selector: #ctl00_cp1_ctl07_ddlExpiryFromYear], [2, 0, 1, 7]])
09:45:24.250 INFO - Done: [send keys: 27 [[FirefoxDriver: firefox on XP (fdedc72b-f979-4e6e-95c8-7385b95a86aa)] -> css selector: #ctl00_cp1_ctl07_ddlExpiryFromYear], [2, 0, 1, 7]]
09:45:24.252 INFO - Executing: [find element: By.selector: #ctl00_cp1_ctl07_txtSecurityNumber])
09:45:24.305 INFO - Done: [find element: By.selector: #ctl00_cp1_ctl07_txtSecurityNumber]
09:45:24.308 INFO - Executing: [send keys: 28 [[FirefoxDriver: firefox on XP (fdedc72b-f979-4e6e-95c8-7385b95a86aa)] -> css selector: #ctl00_cp1_ctl07_txtSecurityNumber], [1, 9, 5, 5]])
09:45:24.388 INFO - Done: [send keys: 28 [[FirefoxDriver: firefox on XP (fdedc72b-f979-4e6e-95c8-7385b95a86aa)] -> css selector: #ctl00_cp1_ctl07_txtSecurityNumber], [1, 9, 5, 5]]
09:45:24.390 INFO - Executing: [find element: By.selector: #ctl00_cp1_ctl02_chkCheckToConfim])
09:45:24.442 INFO - Done: [find element: By.selector: #ctl00_cp1_ctl02_chkCheckToConfim]
09:45:24.445 INFO - Executing: [click: 29 [[FirefoxDriver: firefox on XP (fdedc72b-f979-4e6e-95c8-7385b95a86aa)] -> css selector: #ctl00_cp1_ctl02_chkCheckToConfim]])
09:45:24.547 INFO - Done: [click: 29 [[FirefoxDriver: firefox on XP (fdedc72b-f979-4e6e-95c8-7385b95a86aa)] -> css selector: #ctl00_cp1_ctl02_chkCheckToConfim]]
09:45:24.549 INFO - Executing: [find element: By.selector: #book-now])
09:45:24.572 INFO - Done: [find element: By.selector: #book-now]
09:45:24.574 INFO - Executing: [click: 30 [[FirefoxDriver: firefox on XP (fdedc72b-f979-4e6e-95c8-7385b95a86aa)] -> css selector: #book-now]])
09:45:24.708 INFO - Done: [click: 30 [[FirefoxDriver: firefox on XP (fdedc72b-f979-4e6e-95c8-7385b95a86aa)] -> css selector: #book-now]]
09:45:29.730 INFO - Executing: [find element: By.selector: #ctl00_cp1_pnlM1BookingDetails > div.mybooking-detail-container.border-rad-four > div.mybooking-detail > h2])
09:45:30.239 ERROR - Unexpected exception during findElement
org.openqa.selenium.UnhandledAlertException: Modal dialog present: - Invalid Card Number
- Invalid Security Number

Build info: version: '2.42.2', revision: '6a6995d', time: '2014-06-03 17:42:03'
System info: host: 'DCJ7LZY1', ip: '10.166.17.84', os.name: 'Windows 7', os.arch: 'amd64', os.version: '6.1', java.version: '1.7.0_45'
Session ID: fdedc72b-f979-4e6e-95c8-7385b95a86aa
Driver info: org.openqa.selenium.firefox.FirefoxDriver
Capabilities [{platform=XP, databaseEnabled=true, cssSelectorsEnabled=true, javascriptEnabled=true, acceptSslCerts=true, handlesAlerts=true, browserName=firefox, webStorageEnabled=true, nativeEvents=false, rotatable=false, locationContextEnabled=true, applicationCacheEnabled=true, takesScreenshot=true, version=31.0}]
	at sun.reflect.NativeConstructorAccessorImpl.newInstance0(Native Method)
	at sun.reflect.NativeConstructorAccessorImpl.newInstance(Unknown Source)
	at sun.reflect.DelegatingConstructorAccessorImpl.newInstance(Unknown Source)
	at java.lang.reflect.Constructor.newInstance(Unknown Source)
	at org.openqa.selenium.remote.ErrorHandler.createThrowable(ErrorHandler.java:204)
	at org.openqa.selenium.remote.ErrorHandler.createUnhandledAlertException(ErrorHandler.java:185)
	at org.openqa.selenium.remote.ErrorHandler.throwIfResponseFailed(ErrorHandler.java:152)
	at org.openqa.selenium.remote.RemoteWebDriver.execute(RemoteWebDriver.java:599)
	at org.openqa.selenium.remote.RemoteWebDriver.findElement(RemoteWebDriver.java:352)
	at org.openqa.selenium.remote.RemoteWebDriver.findElementByCssSelector(RemoteWebDriver.java:441)
	at org.openqa.selenium.By$ByCssSelector.findElement(By.java:426)
	at org.openqa.selenium.remote.RemoteWebDriver.findElement(RemoteWebDriver.java:344)
	at sun.reflect.GeneratedMethodAccessor26.invoke(Unknown Source)
	at sun.reflect.DelegatingMethodAccessorImpl.invoke(Unknown Source)
	at java.lang.reflect.Method.invoke(Unknown Source)
	at org.openqa.selenium.support.events.EventFiringWebDriver$2.invoke(EventFiringWebDriver.java:101)
	at com.sun.proxy.$Proxy3.findElement(Unknown Source)
	at org.openqa.selenium.support.events.EventFiringWebDriver.findElement(EventFiringWebDriver.java:184)
	at org.openqa.selenium.remote.server.handler.FindElement.call(FindElement.java:47)
	at org.openqa.selenium.remote.server.handler.FindElement.call(FindElement.java:1)
	at java.util.concurrent.FutureTask.run(Unknown Source)
	at org.openqa.selenium.remote.server.DefaultSession$1.run(DefaultSession.java:169)
	at java.util.concurrent.ThreadPoolExecutor.runWorker(Unknown Source)
	at java.util.concurrent.ThreadPoolExecutor$Worker.run(Unknown Source)
	at java.lang.Thread.run(Unknown Source)
09:45:30.241 WARN - Exception thrown
org.openqa.selenium.UnhandledAlertException: Modal dialog present: - Invalid Card Number
- Invalid Security Number

Build info: version: '2.42.2', revision: '6a6995d', time: '2014-06-03 17:42:03'
System info: host: 'DCJ7LZY1', ip: '10.166.17.84', os.name: 'Windows 7', os.arch: 'amd64', os.version: '6.1', java.version: '1.7.0_45'
Session ID: fdedc72b-f979-4e6e-95c8-7385b95a86aa
Driver info: org.openqa.selenium.firefox.FirefoxDriver
Capabilities [{platform=XP, databaseEnabled=true, cssSelectorsEnabled=true, javascriptEnabled=true, acceptSslCerts=true, handlesAlerts=true, browserName=firefox, webStorageEnabled=true, nativeEvents=false, rotatable=false, locationContextEnabled=true, applicationCacheEnabled=true, takesScreenshot=true, version=31.0}]
	at sun.reflect.NativeConstructorAccessorImpl.newInstance0(Native Method)
	at sun.reflect.NativeConstructorAccessorImpl.newInstance(Unknown Source)
	at sun.reflect.DelegatingConstructorAccessorImpl.newInstance(Unknown Source)
	at java.lang.reflect.Constructor.newInstance(Unknown Source)
	at org.openqa.selenium.remote.ErrorHandler.createThrowable(ErrorHandler.java:204)
	at org.openqa.selenium.remote.ErrorHandler.createUnhandledAlertException(ErrorHandler.java:185)
	at org.openqa.selenium.remote.ErrorHandler.throwIfResponseFailed(ErrorHandler.java:152)
	at org.openqa.selenium.remote.RemoteWebDriver.execute(RemoteWebDriver.java:599)
	at org.openqa.selenium.remote.RemoteWebDriver.findElement(RemoteWebDriver.java:352)
	at org.openqa.selenium.remote.RemoteWebDriver.findElementByCssSelector(RemoteWebDriver.java:441)
	at org.openqa.selenium.By$ByCssSelector.findElement(By.java:426)
	at org.openqa.selenium.remote.RemoteWebDriver.findElement(RemoteWebDriver.java:344)
	at sun.reflect.GeneratedMethodAccessor26.invoke(Unknown Source)
	at sun.reflect.DelegatingMethodAccessorImpl.invoke(Unknown Source)
	at java.lang.reflect.Method.invoke(Unknown Source)
	at org.openqa.selenium.support.events.EventFiringWebDriver$2.invoke(EventFiringWebDriver.java:101)
	at com.sun.proxy.$Proxy3.findElement(Unknown Source)
	at org.openqa.selenium.support.events.EventFiringWebDriver.findElement(EventFiringWebDriver.java:184)
	at org.openqa.selenium.remote.server.handler.FindElement.call(FindElement.java:47)
	at org.openqa.selenium.remote.server.handler.FindElement.call(FindElement.java:1)
	at java.util.concurrent.FutureTask.run(Unknown Source)
	at org.openqa.selenium.remote.server.DefaultSession$1.run(DefaultSession.java:169)
	at java.util.concurrent.ThreadPoolExecutor.runWorker(Unknown Source)
	at java.util.concurrent.ThreadPoolExecutor$Worker.run(Unknown Source)
	at java.lang.Thread.run(Unknown Source)
09:45:30.242 WARN - Exception: Modal dialog present: - Invalid Card Number
- Invalid Security Number

Build info: version: '2.42.2', revision: '6a6995d', time: '2014-06-03 17:42:03'
System info: host: 'DCJ7LZY1', ip: '10.166.17.84', os.name: 'Windows 7', os.arch: 'amd64', os.version: '6.1', java.version: '1.7.0_45'
Session ID: fdedc72b-f979-4e6e-95c8-7385b95a86aa
Driver info: org.openqa.selenium.firefox.FirefoxDriver
Capabilities [{platform=XP, databaseEnabled=true, cssSelectorsEnabled=true, javascriptEnabled=true, acceptSslCerts=true, handlesAlerts=true, browserName=firefox, webStorageEnabled=true, nativeEvents=false, rotatable=false, locationContextEnabled=true, applicationCacheEnabled=true, takesScreenshot=true, version=31.0}]
09:45:30.808 INFO - Executing: [find element: By.selector: #ctl00_cp1_pnlM1BookingDetails > div.mybooking-detail-container.border-rad-four > div.mybooking-detail > h2])
09:45:31.072 WARN - Exception thrown
org.openqa.selenium.NoSuchElementException: Unable to locate element: {"method":"css selector","selector":"#ctl00_cp1_pnlM1BookingDetails > div.mybooking-detail-container.border-rad-four > div.mybooking-detail > h2"}
Command duration or timeout: 29 milliseconds
For documentation on this error, please visit: http://seleniumhq.org/exceptions/no_such_element.html
Build info: version: '2.42.2', revision: '6a6995d', time: '2014-06-03 17:42:03'
System info: host: 'DCJ7LZY1', ip: '10.166.17.84', os.name: 'Windows 7', os.arch: 'amd64', os.version: '6.1', java.version: '1.7.0_45'
Session ID: fdedc72b-f979-4e6e-95c8-7385b95a86aa
Driver info: org.openqa.selenium.firefox.FirefoxDriver
Capabilities [{platform=XP, databaseEnabled=true, cssSelectorsEnabled=true, javascriptEnabled=true, acceptSslCerts=true, handlesAlerts=true, browserName=firefox, webStorageEnabled=true, nativeEvents=false, rotatable=false, locationContextEnabled=true, applicationCacheEnabled=true, takesScreenshot=true, version=31.0}]
	at sun.reflect.NativeConstructorAccessorImpl.newInstance0(Native Method)
	at sun.reflect.NativeConstructorAccessorImpl.newInstance(Unknown Source)
	at sun.reflect.DelegatingConstructorAccessorImpl.newInstance(Unknown Source)
	at java.lang.reflect.Constructor.newInstance(Unknown Source)
	at org.openqa.selenium.remote.ErrorHandler.createThrowable(ErrorHandler.java:204)
	at org.openqa.selenium.remote.ErrorHandler.throwIfResponseFailed(ErrorHandler.java:156)
	at org.openqa.selenium.remote.RemoteWebDriver.execute(RemoteWebDriver.java:599)
	at org.openqa.selenium.remote.RemoteWebDriver.findElement(RemoteWebDriver.java:352)
	at org.openqa.selenium.remote.RemoteWebDriver.findElementByCssSelector(RemoteWebDriver.java:441)
	at org.openqa.selenium.By$ByCssSelector.findElement(By.java:426)
	at org.openqa.selenium.remote.RemoteWebDriver.findElement(RemoteWebDriver.java:344)
	at sun.reflect.GeneratedMethodAccessor26.invoke(Unknown Source)
	at sun.reflect.DelegatingMethodAccessorImpl.invoke(Unknown Source)
	at java.lang.reflect.Method.invoke(Unknown Source)
	at org.openqa.selenium.support.events.EventFiringWebDriver$2.invoke(EventFiringWebDriver.java:101)
	at com.sun.proxy.$Proxy3.findElement(Unknown Source)
	at org.openqa.selenium.support.events.EventFiringWebDriver.findElement(EventFiringWebDriver.java:184)
	at org.openqa.selenium.remote.server.handler.FindElement.call(FindElement.java:47)
	at org.openqa.selenium.remote.server.handler.FindElement.call(FindElement.java:1)
	at java.util.concurrent.FutureTask.run(Unknown Source)
	at org.openqa.selenium.remote.server.DefaultSession$1.run(DefaultSession.java:169)
	at java.util.concurrent.ThreadPoolExecutor.runWorker(Unknown Source)
	at java.util.concurrent.ThreadPoolExecutor$Worker.run(Unknown Source)
	at java.lang.Thread.run(Unknown Source)
Caused by: org.openqa.selenium.remote.ErrorHandler$UnknownServerException: Unable to locate element: {"method":"css selector","selector":"#ctl00_cp1_pnlM1BookingDetails > div.mybooking-detail-container.border-rad-four > div.mybooking-detail > h2"}
Build info: version: '2.42.2', revision: '6a6995d', time: '2014-06-03 17:42:03'
System info: host: 'DCJ7LZY1', ip: '10.166.17.84', os.name: 'Windows 7', os.arch: 'amd64', os.version: '6.1', java.version: '1.7.0_45'
Driver info: driver.version: unknown
	at <anonymous class>.FirefoxDriver.prototype.findElementInternal_(file:///C:/Users/PAVAN~1.PRA/AppData/Local/Temp/anonymous6881845016041431701webdriver-profile/extensions/fxdriver@googlecode.com/components/driver_component.js:9470:133)
	at <anonymous class>.FirefoxDriver.prototype.findElement(file:///C:/Users/PAVAN~1.PRA/AppData/Local/Temp/anonymous6881845016041431701webdriver-profile/extensions/fxdriver@googlecode.com/components/driver_component.js:9479:3)
	at <anonymous class>.DelayedCommand.prototype.executeInternal_/h(file:///C:/Users/PAVAN~1.PRA/AppData/Local/Temp/anonymous6881845016041431701webdriver-profile/extensions/fxdriver@googlecode.com/components/command_processor.js:11455:16)
	at <anonymous class>.DelayedCommand.prototype.executeInternal_(file:///C:/Users/PAVAN~1.PRA/AppData/Local/Temp/anonymous6881845016041431701webdriver-profile/extensions/fxdriver@googlecode.com/components/command_processor.js:11460:7)
	at <anonymous class>.DelayedCommand.prototype.execute/<(file:///C:/Users/PAVAN~1.PRA/AppData/Local/Temp/anonymous6881845016041431701webdriver-profile/extensions/fxdriver@googlecode.com/components/command_processor.js:11402:5)
09:45:31.073 WARN - Exception: Unable to locate element: {"method":"css selector","selector":"#ctl00_cp1_pnlM1BookingDetails > div.mybooking-detail-container.border-rad-four > div.mybooking-detail > h2"}
Command duration or timeout: 29 milliseconds
For documentation on this error, please visit: http://seleniumhq.org/exceptions/no_such_element.html
Build info: version: '2.42.2', revision: '6a6995d', time: '2014-06-03 17:42:03'
System info: host: 'DCJ7LZY1', ip: '10.166.17.84', os.name: 'Windows 7', os.arch: 'amd64', os.version: '6.1', java.version: '1.7.0_45'
Session ID: fdedc72b-f979-4e6e-95c8-7385b95a86aa
Driver info: org.openqa.selenium.firefox.FirefoxDriver
Capabilities [{platform=XP, databaseEnabled=true, cssSelectorsEnabled=true, javascriptEnabled=true, acceptSslCerts=true, handlesAlerts=true, browserName=firefox, webStorageEnabled=true, nativeEvents=false, rotatable=false, locationContextEnabled=true, applicationCacheEnabled=true, takesScreenshot=true, version=31.0}]
09:45:31.608 INFO - Executing: [find element: By.selector: #ctl00_cp1_pnlM1BookingDetails > div.mybooking-detail-container.border-rad-four > div.mybooking-detail > h2])
09:45:31.883 WARN - Exception thrown
org.openqa.selenium.NoSuchElementException: Unable to locate element: {"method":"css selector","selector":"#ctl00_cp1_pnlM1BookingDetails > div.mybooking-detail-container.border-rad-four > div.mybooking-detail > h2"}
Command duration or timeout: 52 milliseconds
For documentation on this error, please visit: http://seleniumhq.org/exceptions/no_such_element.html
Build info: version: '2.42.2', revision: '6a6995d', time: '2014-06-03 17:42:03'
System info: host: 'DCJ7LZY1', ip: '10.166.17.84', os.name: 'Windows 7', os.arch: 'amd64', os.version: '6.1', java.version: '1.7.0_45'
Session ID: fdedc72b-f979-4e6e-95c8-7385b95a86aa
Driver info: org.openqa.selenium.firefox.FirefoxDriver
Capabilities [{platform=XP, databaseEnabled=true, cssSelectorsEnabled=true, javascriptEnabled=true, acceptSslCerts=true, handlesAlerts=true, browserName=firefox, webStorageEnabled=true, nativeEvents=false, rotatable=false, locationContextEnabled=true, applicationCacheEnabled=true, takesScreenshot=true, version=31.0}]
	at sun.reflect.NativeConstructorAccessorImpl.newInstance0(Native Method)
	at sun.reflect.NativeConstructorAccessorImpl.newInstance(Unknown Source)
	at sun.reflect.DelegatingConstructorAccessorImpl.newInstance(Unknown Source)
	at java.lang.reflect.Constructor.newInstance(Unknown Source)
	at org.openqa.selenium.remote.ErrorHandler.createThrowable(ErrorHandler.java:204)
	at org.openqa.selenium.remote.ErrorHandler.throwIfResponseFailed(ErrorHandler.java:156)
	at org.openqa.selenium.remote.RemoteWebDriver.execute(RemoteWebDriver.java:599)
	at org.openqa.selenium.remote.RemoteWebDriver.findElement(RemoteWebDriver.java:352)
	at org.openqa.selenium.remote.RemoteWebDriver.findElementByCssSelector(RemoteWebDriver.java:441)
	at org.openqa.selenium.By$ByCssSelector.findElement(By.java:426)
	at org.openqa.selenium.remote.RemoteWebDriver.findElement(RemoteWebDriver.java:344)
	at sun.reflect.GeneratedMethodAccessor26.invoke(Unknown Source)
	at sun.reflect.DelegatingMethodAccessorImpl.invoke(Unknown Source)
	at java.lang.reflect.Method.invoke(Unknown Source)
	at org.openqa.selenium.support.events.EventFiringWebDriver$2.invoke(EventFiringWebDriver.java:101)
	at com.sun.proxy.$Proxy3.findElement(Unknown Source)
	at org.openqa.selenium.support.events.EventFiringWebDriver.findElement(EventFiringWebDriver.java:184)
	at org.openqa.selenium.remote.server.handler.FindElement.call(FindElement.java:47)
	at org.openqa.selenium.remote.server.handler.FindElement.call(FindElement.java:1)
	at java.util.concurrent.FutureTask.run(Unknown Source)
	at org.openqa.selenium.remote.server.DefaultSession$1.run(DefaultSession.java:169)
	at java.util.concurrent.ThreadPoolExecutor.runWorker(Unknown Source)
	at java.util.concurrent.ThreadPoolExecutor$Worker.run(Unknown Source)
	at java.lang.Thread.run(Unknown Source)
Caused by: org.openqa.selenium.remote.ErrorHandler$UnknownServerException: Unable to locate element: {"method":"css selector","selector":"#ctl00_cp1_pnlM1BookingDetails > div.mybooking-detail-container.border-rad-four > div.mybooking-detail > h2"}
Build info: version: '2.42.2', revision: '6a6995d', time: '2014-06-03 17:42:03'
System info: host: 'DCJ7LZY1', ip: '10.166.17.84', os.name: 'Windows 7', os.arch: 'amd64', os.version: '6.1', java.version: '1.7.0_45'
Driver info: driver.version: unknown
	at <anonymous class>.FirefoxDriver.prototype.findElementInternal_(file:///C:/Users/PAVAN~1.PRA/AppData/Local/Temp/anonymous6881845016041431701webdriver-profile/extensions/fxdriver@googlecode.com/components/driver_component.js:9470:133)
	at <anonymous class>.FirefoxDriver.prototype.findElement(file:///C:/Users/PAVAN~1.PRA/AppData/Local/Temp/anonymous6881845016041431701webdriver-profile/extensions/fxdriver@googlecode.com/components/driver_component.js:9479:3)
	at <anonymous class>.DelayedCommand.prototype.executeInternal_/h(file:///C:/Users/PAVAN~1.PRA/AppData/Local/Temp/anonymous6881845016041431701webdriver-profile/extensions/fxdriver@googlecode.com/components/command_processor.js:11455:16)
	at <anonymous class>.DelayedCommand.prototype.executeInternal_(file:///C:/Users/PAVAN~1.PRA/AppData/Local/Temp/anonymous6881845016041431701webdriver-profile/extensions/fxdriver@googlecode.com/components/command_processor.js:11460:7)
	at <anonymous class>.DelayedCommand.prototype.execute/<(file:///C:/Users/PAVAN~1.PRA/AppData/Local/Temp/anonymous6881845016041431701webdriver-profile/extensions/fxdriver@googlecode.com/components/command_processor.js:11402:5)
09:45:31.884 WARN - Exception: Unable to locate element: {"method":"css selector","selector":"#ctl00_cp1_pnlM1BookingDetails > div.mybooking-detail-container.border-rad-four > div.mybooking-detail > h2"}
Command duration or timeout: 52 milliseconds
For documentation on this error, please visit: http://seleniumhq.org/exceptions/no_such_element.html
Build info: version: '2.42.2', revision: '6a6995d', time: '2014-06-03 17:42:03'
System info: host: 'DCJ7LZY1', ip: '10.166.17.84', os.name: 'Windows 7', os.arch: 'amd64', os.version: '6.1', java.version: '1.7.0_45'
Session ID: fdedc72b-f979-4e6e-95c8-7385b95a86aa
Driver info: org.openqa.selenium.firefox.FirefoxDriver
Capabilities [{platform=XP, databaseEnabled=true, cssSelectorsEnabled=true, javascriptEnabled=true, acceptSslCerts=true, handlesAlerts=true, browserName=firefox, webStorageEnabled=true, nativeEvents=false, rotatable=false, locationContextEnabled=true, applicationCacheEnabled=true, takesScreenshot=true, version=31.0}]
09:45:32.417 INFO - Executing: [find element: By.selector: #ctl00_cp1_pnlM1BookingDetails > div.mybooking-detail-container.border-rad-four > div.mybooking-detail > h2])
09:45:32.689 WARN - Exception thrown
org.openqa.selenium.NoSuchElementException: Unable to locate element: {"method":"css selector","selector":"#ctl00_cp1_pnlM1BookingDetails > div.mybooking-detail-container.border-rad-four > div.mybooking-detail > h2"}
Command duration or timeout: 54 milliseconds
For documentation on this error, please visit: http://seleniumhq.org/exceptions/no_such_element.html
Build info: version: '2.42.2', revision: '6a6995d', time: '2014-06-03 17:42:03'
System info: host: 'DCJ7LZY1', ip: '10.166.17.84', os.name: 'Windows 7', os.arch: 'amd64', os.version: '6.1', java.version: '1.7.0_45'
Session ID: fdedc72b-f979-4e6e-95c8-7385b95a86aa
Driver info: org.openqa.selenium.firefox.FirefoxDriver
Capabilities [{platform=XP, databaseEnabled=true, cssSelectorsEnabled=true, javascriptEnabled=true, acceptSslCerts=true, handlesAlerts=true, browserName=firefox, webStorageEnabled=true, nativeEvents=false, rotatable=false, locationContextEnabled=true, applicationCacheEnabled=true, takesScreenshot=true, version=31.0}]
	at sun.reflect.NativeConstructorAccessorImpl.newInstance0(Native Method)
	at sun.reflect.NativeConstructorAccessorImpl.newInstance(Unknown Source)
	at sun.reflect.DelegatingConstructorAccessorImpl.newInstance(Unknown Source)
	at java.lang.reflect.Constructor.newInstance(Unknown Source)
	at org.openqa.selenium.remote.ErrorHandler.createThrowable(ErrorHandler.java:204)
	at org.openqa.selenium.remote.ErrorHandler.throwIfResponseFailed(ErrorHandler.java:156)
	at org.openqa.selenium.remote.RemoteWebDriver.execute(RemoteWebDriver.java:599)
	at org.openqa.selenium.remote.RemoteWebDriver.findElement(RemoteWebDriver.java:352)
	at org.openqa.selenium.remote.RemoteWebDriver.findElementByCssSelector(RemoteWebDriver.java:441)
	at org.openqa.selenium.By$ByCssSelector.findElement(By.java:426)
	at org.openqa.selenium.remote.RemoteWebDriver.findElement(RemoteWebDriver.java:344)
	at sun.reflect.GeneratedMethodAccessor26.invoke(Unknown Source)
	at sun.reflect.DelegatingMethodAccessorImpl.invoke(Unknown Source)
	at java.lang.reflect.Method.invoke(Unknown Source)
	at org.openqa.selenium.support.events.EventFiringWebDriver$2.invoke(EventFiringWebDriver.java:101)
	at com.sun.proxy.$Proxy3.findElement(Unknown Source)
	at org.openqa.selenium.support.events.EventFiringWebDriver.findElement(EventFiringWebDriver.java:184)
	at org.openqa.selenium.remote.server.handler.FindElement.call(FindElement.java:47)
	at org.openqa.selenium.remote.server.handler.FindElement.call(FindElement.java:1)
	at java.util.concurrent.FutureTask.run(Unknown Source)
	at org.openqa.selenium.remote.server.DefaultSession$1.run(DefaultSession.java:169)
	at java.util.concurrent.ThreadPoolExecutor.runWorker(Unknown Source)
	at java.util.concurrent.ThreadPoolExecutor$Worker.run(Unknown Source)
	at java.lang.Thread.run(Unknown Source)
Caused by: org.openqa.selenium.remote.ErrorHandler$UnknownServerException: Unable to locate element: {"method":"css selector","selector":"#ctl00_cp1_pnlM1BookingDetails > div.mybooking-detail-container.border-rad-four > div.mybooking-detail > h2"}
Build info: version: '2.42.2', revision: '6a6995d', time: '2014-06-03 17:42:03'
System info: host: 'DCJ7LZY1', ip: '10.166.17.84', os.name: 'Windows 7', os.arch: 'amd64', os.version: '6.1', java.version: '1.7.0_45'
Driver info: driver.version: unknown
	at <anonymous class>.FirefoxDriver.prototype.findElementInternal_(file:///C:/Users/PAVAN~1.PRA/AppData/Local/Temp/anonymous6881845016041431701webdriver-profile/extensions/fxdriver@googlecode.com/components/driver_component.js:9470:133)
	at <anonymous class>.FirefoxDriver.prototype.findElement(file:///C:/Users/PAVAN~1.PRA/AppData/Local/Temp/anonymous6881845016041431701webdriver-profile/extensions/fxdriver@googlecode.com/components/driver_component.js:9479:3)
	at <anonymous class>.DelayedCommand.prototype.executeInternal_/h(file:///C:/Users/PAVAN~1.PRA/AppData/Local/Temp/anonymous6881845016041431701webdriver-profile/extensions/fxdriver@googlecode.com/components/command_processor.js:11455:16)
	at <anonymous class>.DelayedCommand.prototype.executeInternal_(file:///C:/Users/PAVAN~1.PRA/AppData/Local/Temp/anonymous6881845016041431701webdriver-profile/extensions/fxdriver@googlecode.com/components/command_processor.js:11460:7)
	at <anonymous class>.DelayedCommand.prototype.execute/<(file:///C:/Users/PAVAN~1.PRA/AppData/Local/Temp/anonymous6881845016041431701webdriver-profile/extensions/fxdriver@googlecode.com/components/command_processor.js:11402:5)
09:45:32.691 WARN - Exception: Unable to locate element: {"method":"css selector","selector":"#ctl00_cp1_pnlM1BookingDetails > div.mybooking-detail-container.border-rad-four > div.mybooking-detail > h2"}
Command duration or timeout: 54 milliseconds
For documentation on this error, please visit: http://seleniumhq.org/exceptions/no_such_element.html
Build info: version: '2.42.2', revision: '6a6995d', time: '2014-06-03 17:42:03'
System info: host: 'DCJ7LZY1', ip: '10.166.17.84', os.name: 'Windows 7', os.arch: 'amd64', os.version: '6.1', java.version: '1.7.0_45'
Session ID: fdedc72b-f979-4e6e-95c8-7385b95a86aa
Driver info: org.openqa.selenium.firefox.FirefoxDriver
Capabilities [{platform=XP, databaseEnabled=true, cssSelectorsEnabled=true, javascriptEnabled=true, acceptSslCerts=true, handlesAlerts=true, browserName=firefox, webStorageEnabled=true, nativeEvents=false, rotatable=false, locationContextEnabled=true, applicationCacheEnabled=true, takesScreenshot=true, version=31.0}]
09:45:33.217 INFO - Executing: [find element: By.selector: #ctl00_cp1_pnlM1BookingDetails > div.mybooking-detail-container.border-rad-four > div.mybooking-detail > h2])
09:45:33.475 WARN - Exception thrown
org.openqa.selenium.NoSuchElementException: Unable to locate element: {"method":"css selector","selector":"#ctl00_cp1_pnlM1BookingDetails > div.mybooking-detail-container.border-rad-four > div.mybooking-detail > h2"}
Command duration or timeout: 53 milliseconds
For documentation on this error, please visit: http://seleniumhq.org/exceptions/no_such_element.html
Build info: version: '2.42.2', revision: '6a6995d', time: '2014-06-03 17:42:03'
System info: host: 'DCJ7LZY1', ip: '10.166.17.84', os.name: 'Windows 7', os.arch: 'amd64', os.version: '6.1', java.version: '1.7.0_45'
Session ID: fdedc72b-f979-4e6e-95c8-7385b95a86aa
Driver info: org.openqa.selenium.firefox.FirefoxDriver
Capabilities [{platform=XP, databaseEnabled=true, cssSelectorsEnabled=true, javascriptEnabled=true, acceptSslCerts=true, handlesAlerts=true, browserName=firefox, webStorageEnabled=true, nativeEvents=false, rotatable=false, locationContextEnabled=true, applicationCacheEnabled=true, takesScreenshot=true, version=31.0}]
	at sun.reflect.NativeConstructorAccessorImpl.newInstance0(Native Method)
	at sun.reflect.NativeConstructorAccessorImpl.newInstance(Unknown Source)
	at sun.reflect.DelegatingConstructorAccessorImpl.newInstance(Unknown Source)
	at java.lang.reflect.Constructor.newInstance(Unknown Source)
	at org.openqa.selenium.remote.ErrorHandler.createThrowable(ErrorHandler.java:204)
	at org.openqa.selenium.remote.ErrorHandler.throwIfResponseFailed(ErrorHandler.java:156)
	at org.openqa.selenium.remote.RemoteWebDriver.execute(RemoteWebDriver.java:599)
	at org.openqa.selenium.remote.RemoteWebDriver.findElement(RemoteWebDriver.java:352)
	at org.openqa.selenium.remote.RemoteWebDriver.findElementByCssSelector(RemoteWebDriver.java:441)
	at org.openqa.selenium.By$ByCssSelector.findElement(By.java:426)
	at org.openqa.selenium.remote.RemoteWebDriver.findElement(RemoteWebDriver.java:344)
	at sun.reflect.GeneratedMethodAccessor26.invoke(Unknown Source)
	at sun.reflect.DelegatingMethodAccessorImpl.invoke(Unknown Source)
	at java.lang.reflect.Method.invoke(Unknown Source)
	at org.openqa.selenium.support.events.EventFiringWebDriver$2.invoke(EventFiringWebDriver.java:101)
	at com.sun.proxy.$Proxy3.findElement(Unknown Source)
	at org.openqa.selenium.support.events.EventFiringWebDriver.findElement(EventFiringWebDriver.java:184)
	at org.openqa.selenium.remote.server.handler.FindElement.call(FindElement.java:47)
	at org.openqa.selenium.remote.server.handler.FindElement.call(FindElement.java:1)
	at java.util.concurrent.FutureTask.run(Unknown Source)
	at org.openqa.selenium.remote.server.DefaultSession$1.run(DefaultSession.java:169)
	at java.util.concurrent.ThreadPoolExecutor.runWorker(Unknown Source)
	at java.util.concurrent.ThreadPoolExecutor$Worker.run(Unknown Source)
	at java.lang.Thread.run(Unknown Source)
Caused by: org.openqa.selenium.remote.ErrorHandler$UnknownServerException: Unable to locate element: {"method":"css selector","selector":"#ctl00_cp1_pnlM1BookingDetails > div.mybooking-detail-container.border-rad-four > div.mybooking-detail > h2"}
Build info: version: '2.42.2', revision: '6a6995d', time: '2014-06-03 17:42:03'
System info: host: 'DCJ7LZY1', ip: '10.166.17.84', os.name: 'Windows 7', os.arch: 'amd64', os.version: '6.1', java.version: '1.7.0_45'
Driver info: driver.version: unknown
	at <anonymous class>.FirefoxDriver.prototype.findElementInternal_(file:///C:/Users/PAVAN~1.PRA/AppData/Local/Temp/anonymous6881845016041431701webdriver-profile/extensions/fxdriver@googlecode.com/components/driver_component.js:9470:133)
	at <anonymous class>.FirefoxDriver.prototype.findElement(file:///C:/Users/PAVAN~1.PRA/AppData/Local/Temp/anonymous6881845016041431701webdriver-profile/extensions/fxdriver@googlecode.com/components/driver_component.js:9479:3)
	at <anonymous class>.DelayedCommand.prototype.executeInternal_/h(file:///C:/Users/PAVAN~1.PRA/AppData/Local/Temp/anonymous6881845016041431701webdriver-profile/extensions/fxdriver@googlecode.com/components/command_processor.js:11455:16)
	at <anonymous class>.DelayedCommand.prototype.executeInternal_(file:///C:/Users/PAVAN~1.PRA/AppData/Local/Temp/anonymous6881845016041431701webdriver-profile/extensions/fxdriver@googlecode.com/components/command_processor.js:11460:7)
	at <anonymous class>.DelayedCommand.prototype.execute/<(file:///C:/Users/PAVAN~1.PRA/AppData/Local/Temp/anonymous6881845016041431701webdriver-profile/extensions/fxdriver@googlecode.com/components/command_processor.js:11402:5)
09:45:33.477 WARN - Exception: Unable to locate element: {"method":"css selector","selector":"#ctl00_cp1_pnlM1BookingDetails > div.mybooking-detail-container.border-rad-four > div.mybooking-detail > h2"}
Command duration or timeout: 53 milliseconds
For documentation on this error, please visit: http://seleniumhq.org/exceptions/no_such_element.html
Build info: version: '2.42.2', revision: '6a6995d', time: '2014-06-03 17:42:03'
System info: host: 'DCJ7LZY1', ip: '10.166.17.84', os.name: 'Windows 7', os.arch: 'amd64', os.version: '6.1', java.version: '1.7.0_45'
Session ID: fdedc72b-f979-4e6e-95c8-7385b95a86aa
Driver info: org.openqa.selenium.firefox.FirefoxDriver
Capabilities [{platform=XP, databaseEnabled=true, cssSelectorsEnabled=true, javascriptEnabled=true, acceptSslCerts=true, handlesAlerts=true, browserName=firefox, webStorageEnabled=true, nativeEvents=false, rotatable=false, locationContextEnabled=true, applicationCacheEnabled=true, takesScreenshot=true, version=31.0}]
09:45:33.999 INFO - Executing: [find element: By.selector: #ctl00_cp1_pnlM1BookingDetails > div.mybooking-detail-container.border-rad-four > div.mybooking-detail > h2])
09:45:34.311 WARN - Exception thrown
org.openqa.selenium.NoSuchElementException: Unable to locate element: {"method":"css selector","selector":"#ctl00_cp1_pnlM1BookingDetails > div.mybooking-detail-container.border-rad-four > div.mybooking-detail > h2"}
Command duration or timeout: 53 milliseconds
For documentation on this error, please visit: http://seleniumhq.org/exceptions/no_such_element.html
Build info: version: '2.42.2', revision: '6a6995d', time: '2014-06-03 17:42:03'
System info: host: 'DCJ7LZY1', ip: '10.166.17.84', os.name: 'Windows 7', os.arch: 'amd64', os.version: '6.1', java.version: '1.7.0_45'
Session ID: fdedc72b-f979-4e6e-95c8-7385b95a86aa
Driver info: org.openqa.selenium.firefox.FirefoxDriver
Capabilities [{platform=XP, databaseEnabled=true, cssSelectorsEnabled=true, javascriptEnabled=true, acceptSslCerts=true, handlesAlerts=true, browserName=firefox, webStorageEnabled=true, nativeEvents=false, rotatable=false, locationContextEnabled=true, applicationCacheEnabled=true, takesScreenshot=true, version=31.0}]
	at sun.reflect.NativeConstructorAccessorImpl.newInstance0(Native Method)
	at sun.reflect.NativeConstructorAccessorImpl.newInstance(Unknown Source)
	at sun.reflect.DelegatingConstructorAccessorImpl.newInstance(Unknown Source)
	at java.lang.reflect.Constructor.newInstance(Unknown Source)
	at org.openqa.selenium.remote.ErrorHandler.createThrowable(ErrorHandler.java:204)
	at org.openqa.selenium.remote.ErrorHandler.throwIfResponseFailed(ErrorHandler.java:156)
	at org.openqa.selenium.remote.RemoteWebDriver.execute(RemoteWebDriver.java:599)
	at org.openqa.selenium.remote.RemoteWebDriver.findElement(RemoteWebDriver.java:352)
	at org.openqa.selenium.remote.RemoteWebDriver.findElementByCssSelector(RemoteWebDriver.java:441)
	at org.openqa.selenium.By$ByCssSelector.findElement(By.java:426)
	at org.openqa.selenium.remote.RemoteWebDriver.findElement(RemoteWebDriver.java:344)
	at sun.reflect.GeneratedMethodAccessor26.invoke(Unknown Source)
	at sun.reflect.DelegatingMethodAccessorImpl.invoke(Unknown Source)
	at java.lang.reflect.Method.invoke(Unknown Source)
	at org.openqa.selenium.support.events.EventFiringWebDriver$2.invoke(EventFiringWebDriver.java:101)
	at com.sun.proxy.$Proxy3.findElement(Unknown Source)
	at org.openqa.selenium.support.events.EventFiringWebDriver.findElement(EventFiringWebDriver.java:184)
	at org.openqa.selenium.remote.server.handler.FindElement.call(FindElement.java:47)
	at org.openqa.selenium.remote.server.handler.FindElement.call(FindElement.java:1)
	at java.util.concurrent.FutureTask.run(Unknown Source)
	at org.openqa.selenium.remote.server.DefaultSession$1.run(DefaultSession.java:169)
	at java.util.concurrent.ThreadPoolExecutor.runWorker(Unknown Source)
	at java.util.concurrent.ThreadPoolExecutor$Worker.run(Unknown Source)
	at java.lang.Thread.run(Unknown Source)
Caused by: org.openqa.selenium.remote.ErrorHandler$UnknownServerException: Unable to locate element: {"method":"css selector","selector":"#ctl00_cp1_pnlM1BookingDetails > div.mybooking-detail-container.border-rad-four > div.mybooking-detail > h2"}
Build info: version: '2.42.2', revision: '6a6995d', time: '2014-06-03 17:42:03'
System info: host: 'DCJ7LZY1', ip: '10.166.17.84', os.name: 'Windows 7', os.arch: 'amd64', os.version: '6.1', java.version: '1.7.0_45'
Driver info: driver.version: unknown
	at <anonymous class>.FirefoxDriver.prototype.findElementInternal_(file:///C:/Users/PAVAN~1.PRA/AppData/Local/Temp/anonymous6881845016041431701webdriver-profile/extensions/fxdriver@googlecode.com/components/driver_component.js:9470:133)
	at <anonymous class>.FirefoxDriver.prototype.findElement(file:///C:/Users/PAVAN~1.PRA/AppData/Local/Temp/anonymous6881845016041431701webdriver-profile/extensions/fxdriver@googlecode.com/components/driver_component.js:9479:3)
	at <anonymous class>.DelayedCommand.prototype.executeInternal_/h(file:///C:/Users/PAVAN~1.PRA/AppData/Local/Temp/anonymous6881845016041431701webdriver-profile/extensions/fxdriver@googlecode.com/components/command_processor.js:11455:16)
	at <anonymous class>.DelayedCommand.prototype.executeInternal_(file:///C:/Users/PAVAN~1.PRA/AppData/Local/Temp/anonymous6881845016041431701webdriver-profile/extensions/fxdriver@googlecode.com/components/command_processor.js:11460:7)
	at <anonymous class>.DelayedCommand.prototype.execute/<(file:///C:/Users/PAVAN~1.PRA/AppData/Local/Temp/anonymous6881845016041431701webdriver-profile/extensions/fxdriver@googlecode.com/components/command_processor.js:11402:5)
09:45:34.312 WARN - Exception: Unable to locate element: {"method":"css selector","selector":"#ctl00_cp1_pnlM1BookingDetails > div.mybooking-detail-container.border-rad-four > div.mybooking-detail > h2"}
Command duration or timeout: 53 milliseconds
For documentation on this error, please visit: http://seleniumhq.org/exceptions/no_such_element.html
Build info: version: '2.42.2', revision: '6a6995d', time: '2014-06-03 17:42:03'
System info: host: 'DCJ7LZY1', ip: '10.166.17.84', os.name: 'Windows 7', os.arch: 'amd64', os.version: '6.1', java.version: '1.7.0_45'
Session ID: fdedc72b-f979-4e6e-95c8-7385b95a86aa
Driver info: org.openqa.selenium.firefox.FirefoxDriver
Capabilities [{platform=XP, databaseEnabled=true, cssSelectorsEnabled=true, javascriptEnabled=true, acceptSslCerts=true, handlesAlerts=true, browserName=firefox, webStorageEnabled=true, nativeEvents=false, rotatable=false, locationContextEnabled=true, applicationCacheEnabled=true, takesScreenshot=true, version=31.0}]
09:45:34.847 INFO - Executing: [find element: By.selector: #ctl00_cp1_pnlM1BookingDetails > div.mybooking-detail-container.border-rad-four > div.mybooking-detail > h2])
09:45:35.117 WARN - Exception thrown
org.openqa.selenium.NoSuchElementException: Unable to locate element: {"method":"css selector","selector":"#ctl00_cp1_pnlM1BookingDetails > div.mybooking-detail-container.border-rad-four > div.mybooking-detail > h2"}
Command duration or timeout: 53 milliseconds
For documentation on this error, please visit: http://seleniumhq.org/exceptions/no_such_element.html
Build info: version: '2.42.2', revision: '6a6995d', time: '2014-06-03 17:42:03'
System info: host: 'DCJ7LZY1', ip: '10.166.17.84', os.name: 'Windows 7', os.arch: 'amd64', os.version: '6.1', java.version: '1.7.0_45'
Session ID: fdedc72b-f979-4e6e-95c8-7385b95a86aa
Driver info: org.openqa.selenium.firefox.FirefoxDriver
Capabilities [{platform=XP, databaseEnabled=true, cssSelectorsEnabled=true, javascriptEnabled=true, acceptSslCerts=true, handlesAlerts=true, browserName=firefox, webStorageEnabled=true, nativeEvents=false, rotatable=false, locationContextEnabled=true, applicationCacheEnabled=true, takesScreenshot=true, version=31.0}]
	at sun.reflect.NativeConstructorAccessorImpl.newInstance0(Native Method)
	at sun.reflect.NativeConstructorAccessorImpl.newInstance(Unknown Source)
	at sun.reflect.DelegatingConstructorAccessorImpl.newInstance(Unknown Source)
	at java.lang.reflect.Constructor.newInstance(Unknown Source)
	at org.openqa.selenium.remote.ErrorHandler.createThrowable(ErrorHandler.java:204)
	at org.openqa.selenium.remote.ErrorHandler.throwIfResponseFailed(ErrorHandler.java:156)
	at org.openqa.selenium.remote.RemoteWebDriver.execute(RemoteWebDriver.java:599)
	at org.openqa.selenium.remote.RemoteWebDriver.findElement(RemoteWebDriver.java:352)
	at org.openqa.selenium.remote.RemoteWebDriver.findElementByCssSelector(RemoteWebDriver.java:441)
	at org.openqa.selenium.By$ByCssSelector.findElement(By.java:426)
	at org.openqa.selenium.remote.RemoteWebDriver.findElement(RemoteWebDriver.java:344)
	at sun.reflect.GeneratedMethodAccessor26.invoke(Unknown Source)
	at sun.reflect.DelegatingMethodAccessorImpl.invoke(Unknown Source)
	at java.lang.reflect.Method.invoke(Unknown Source)
	at org.openqa.selenium.support.events.EventFiringWebDriver$2.invoke(EventFiringWebDriver.java:101)
	at com.sun.proxy.$Proxy3.findElement(Unknown Source)
	at org.openqa.selenium.support.events.EventFiringWebDriver.findElement(EventFiringWebDriver.java:184)
	at org.openqa.selenium.remote.server.handler.FindElement.call(FindElement.java:47)
	at org.openqa.selenium.remote.server.handler.FindElement.call(FindElement.java:1)
	at java.util.concurrent.FutureTask.run(Unknown Source)
	at org.openqa.selenium.remote.server.DefaultSession$1.run(DefaultSession.java:169)
	at java.util.concurrent.ThreadPoolExecutor.runWorker(Unknown Source)
	at java.util.concurrent.ThreadPoolExecutor$Worker.run(Unknown Source)
	at java.lang.Thread.run(Unknown Source)
Caused by: org.openqa.selenium.remote.ErrorHandler$UnknownServerException: Unable to locate element: {"method":"css selector","selector":"#ctl00_cp1_pnlM1BookingDetails > div.mybooking-detail-container.border-rad-four > div.mybooking-detail > h2"}
Build info: version: '2.42.2', revision: '6a6995d', time: '2014-06-03 17:42:03'
System info: host: 'DCJ7LZY1', ip: '10.166.17.84', os.name: 'Windows 7', os.arch: 'amd64', os.version: '6.1', java.version: '1.7.0_45'
Driver info: driver.version: unknown
	at <anonymous class>.FirefoxDriver.prototype.findElementInternal_(file:///C:/Users/PAVAN~1.PRA/AppData/Local/Temp/anonymous6881845016041431701webdriver-profile/extensions/fxdriver@googlecode.com/components/driver_component.js:9470:133)
	at <anonymous class>.FirefoxDriver.prototype.findElement(file:///C:/Users/PAVAN~1.PRA/AppData/Local/Temp/anonymous6881845016041431701webdriver-profile/extensions/fxdriver@googlecode.com/components/driver_component.js:9479:3)
	at <anonymous class>.DelayedCommand.prototype.executeInternal_/h(file:///C:/Users/PAVAN~1.PRA/AppData/Local/Temp/anonymous6881845016041431701webdriver-profile/extensions/fxdriver@googlecode.com/components/command_processor.js:11455:16)
	at <anonymous class>.DelayedCommand.prototype.executeInternal_(file:///C:/Users/PAVAN~1.PRA/AppData/Local/Temp/anonymous6881845016041431701webdriver-profile/extensions/fxdriver@googlecode.com/components/command_processor.js:11460:7)
	at <anonymous class>.DelayedCommand.prototype.execute/<(file:///C:/Users/PAVAN~1.PRA/AppData/Local/Temp/anonymous6881845016041431701webdriver-profile/extensions/fxdriver@googlecode.com/components/command_processor.js:11402:5)
09:45:35.118 WARN - Exception: Unable to locate element: {"method":"css selector","selector":"#ctl00_cp1_pnlM1BookingDetails > div.mybooking-detail-container.border-rad-four > div.mybooking-detail > h2"}
Command duration or timeout: 53 milliseconds
For documentation on this error, please visit: http://seleniumhq.org/exceptions/no_such_element.html
Build info: version: '2.42.2', revision: '6a6995d', time: '2014-06-03 17:42:03'
System info: host: 'DCJ7LZY1', ip: '10.166.17.84', os.name: 'Windows 7', os.arch: 'amd64', os.version: '6.1', java.version: '1.7.0_45'
Session ID: fdedc72b-f979-4e6e-95c8-7385b95a86aa
Driver info: org.openqa.selenium.firefox.FirefoxDriver
Capabilities [{platform=XP, databaseEnabled=true, cssSelectorsEnabled=true, javascriptEnabled=true, acceptSslCerts=true, handlesAlerts=true, browserName=firefox, webStorageEnabled=true, nativeEvents=false, rotatable=false, locationContextEnabled=true, applicationCacheEnabled=true, takesScreenshot=true, version=31.0}]
09:45:35.143 INFO - Executing: [delete session: 7d48de74-3edb-47ee-b272-e2a53a47e754])
09:45:35.415 INFO - Done: [delete session: 7d48de74-3edb-47ee-b272-e2a53a47e754]
